Command: ./simv -l vcs.log
Chronologic VCS simulator copyright 1991-2014
Contains Synopsys proprietary information.
Compiler version J-2014.12-SP3-8_Full64; Runtime version J-2014.12-SP3-8_Full64;  Jan 11 13:36 2018
*Verdi3* Loading libsscore_vcs201412.so
*Verdi3* : Enable Parallel Dumping.
FSDB Dumper for VCS, Release Verdi3_L-2016.06-SP1-1, Linux x86_64/64bit, 09/27/2016
(C) 1996 - 2016 by Synopsys, Inc.
*Verdi3* FSDB WARNING: The FSDB file already exists. Overwriting the FSDB file may crash the programs that are using this file.
*Verdi3* : Create FSDB file 'gcd.fsdb'
*Verdi3* : Begin traversing the scope (tb_gcd1), layer (0).
*Verdi3* : End of traversing.
during reset
during reset
eq flag not set
during reset
during reset
during reset
next state is test
data is input
eq_flag set
completed
completed
completed
completed
completed
completed
completed
completed
completed
completed
completed
completed
completed
completed
completed
completed
completed
completed
completed
completed
completed
completed
completed
completed
completed
completed
completed
completed
completed
completed
completed
completed
completed
completed
completed
completed
completed
completed
completed
completed
completed
completed
completed
$finish called from file "tb_gcd1.v", line 59.
$finish at simulation time              1000000
           V C S   S i m u l a t i o n   R e p o r t 
Time: 1000000 ps
CPU Time:      0.310 seconds;       Data structure size:   0.0Mb
Thu Jan 11 13:36:11 2018
